<?xml version="1.0" encoding="UTF-8" ?>
<testsuite errors="0" failures="0" hostname="DESKTOP-MFLRDRC" name="hospitalreservationsystem.addingdoctorTest" skipped="0" tests="34" time="0.928" timestamp="2023-06-22T14:14:49">
  <properties>
[...]
</properties>
  <testcase classname="hospitalreservationsystem.addingdoctorTest" name="testAdding1" time="0.395" />
  <testcase classname="hospitalreservationsystem.addingdoctorTest" name="testAdding2" time="0.027" />
  <testcase classname="hospitalreservationsystem.addingdoctorTest" name="testAdding3" time="0.023" />
  <testcase classname="hospitalreservationsystem.addingdoctorTest" name="testAdding4" time="0.022" />
  <testcase classname="hospitalreservationsystem.addingdoctorTest" name="testAdding5" time="0.022" />
  <testcase classname="hospitalreservationsystem.addingdoctorTest" name="testAdding6" time="0.025" />
  <testcase classname="hospitalreservationsystem.addingdoctorTest" name="testAdding7" time="0.023" />
  <testcase classname="hospitalreservationsystem.addingdoctorTest" name="testAdding8" time="0.163" />
  <testcase classname="hospitalreservationsystem.addingdoctorTest" name="testAdding9" time="0.019" />
  <testcase classname="hospitalreservationsystem.addingdoctorTest" name="testCheckdata1" time="0.001" />
  <testcase classname="hospitalreservationsystem.addingdoctorTest" name="testCheckdata2" time="0.001" />
  <testcase classname="hospitalreservationsystem.addingdoctorTest" name="testCheckdata3" time="0.0" />
  <testcase classname="hospitalreservationsystem.addingdoctorTest" name="testCheckdata4" time="0.0" />
  <testcase classname="hospitalreservationsystem.addingdoctorTest" name="testCheckdata5" time="0.001" />
  <testcase classname="hospitalreservationsystem.addingdoctorTest" name="testCheckdata6" time="0.0" />
  <testcase classname="hospitalreservationsystem.addingdoctorTest" name="testCheckdata7" time="0.001" />
  <testcase classname="hospitalreservationsystem.addingdoctorTest" name="testCheckdata8" time="0.006" />
  <testcase classname="hospitalreservationsystem.addingdoctorTest" name="testCheckdata9" time="0.0" />
  <testcase classname="hospitalreservationsystem.addingdoctorTest" name="testAdding10" time="0.036" />
  <testcase classname="hospitalreservationsystem.addingdoctorTest" name="testAdding11" time="0.026" />
  <testcase classname="hospitalreservationsystem.addingdoctorTest" name="testCheckdata10" time="0.005" />
  <testcase classname="hospitalreservationsystem.addingdoctorTest" name="testCheckdata11" time="0.0" />
  <testcase classname="hospitalreservationsystem.addingdoctorTest" name="testCheckdata12" time="0.001" />
  <testcase classname="hospitalreservationsystem.addingdoctorTest" name="testCheckdata13" time="0.006" />
  <testcase classname="hospitalreservationsystem.addingdoctorTest" name="testCheckdata14" time="0.005" />
  <testcase classname="hospitalreservationsystem.addingdoctorTest" name="testCheckdata15" time="0.005" />
  <testcase classname="hospitalreservationsystem.addingdoctorTest" name="testCheckdata16" time="0.005" />
  <testcase classname="hospitalreservationsystem.addingdoctorTest" name="testCheckdata17" time="0.004" />
  <testcase classname="hospitalreservationsystem.addingdoctorTest" name="testCheckdata18" time="0.005" />
  <testcase classname="hospitalreservationsystem.addingdoctorTest" name="testCheckdata19" time="0.0" />
  <testcase classname="hospitalreservationsystem.addingdoctorTest" name="testCheckdata20" time="0.005" />
  <testcase classname="hospitalreservationsystem.addingdoctorTest" name="testCheckdata21" time="0.006" />
  <testcase classname="hospitalreservationsystem.addingdoctorTest" name="testCheckdata22" time="0.006" />
  <testcase classname="hospitalreservationsystem.addingdoctorTest" name="testCheckdata8i" time="0.004" />
  <system-out><![CDATA[test case 1 for adding function
test case 2 for adding function
test case 3 for adding function
test case 4 for adding function
test case 5 for adding function
test case 1 for adding function
test case 7 for adding function
test case 8 for adding function
test case 9 for adding function
test case 1 for checkdata function
test case 2 for checkdata function
test case 3 for checkdata function
test case 4 for checkdata function
test case 5 for checkdata function
test case 6 for checkdata function
test case 7 for checkdata function
test case 8 for checkdata function
test case 9 for checkdata function
test case 10 for adding function
test case 9 for adding function
error
test case 10 for checkdata function
test case 11 for checkdata function
error
test case 12 for checkdata function
test case 13 for checkdata function
test case 14 for checkdata function
test case 1 for checkdata function
test case 16 for checkdata function
test case 17 for checkdata function
test case 18 for checkdata function
test case 14 for checkdata function
test case 20 for checkdata function
test case 21 for checkdata function
test case 22 for checkdata function
test case 8 for checkdata function
done
connected
]]></system-out>
  <system-err><![CDATA[]]></system-err>
</testsuite>
